2020-07-03T04:33:18+00:00 CRITICAL syntax error, unexpected 'endforeach' (T_ENDFOREACH) in C:\laragon\www\DiamondBilliards\wp-content\themes\diamondbilliards\includes\section-blogcontent.php on line 13

2020-07-03T04:36:34+00:00 CRITICAL syntax error, unexpected 'endwhile' (T_ENDWHILE) in C:\laragon\www\DiamondBilliards\wp-content\themes\diamondbilliards\includes\section-blogcontent.php on line 21

2020-07-03T04:36:57+00:00 CRITICAL syntax error, unexpected 'endwhile' (T_ENDWHILE) in C:\laragon\www\DiamondBilliards\wp-content\themes\diamondbilliards\includes\section-blogcontent.php on line 21

2020-07-03T04:41:18+00:00 CRITICAL Uncaught Error: Call to undefined function the_categoery() in C:\laragon\www\DiamondBilliards\wp-content\themes\diamondbilliards\includes\section-blogcontent.php:8
Stack trace:
#0 C:\laragon\www\DiamondBilliards\wp-includes\template.php(725): require()
#1 C:\laragon\www\DiamondBilliards\wp-includes\template.php(672): load_template('C:\\laragon\\www\\...', false)
#2 C:\laragon\www\DiamondBilliards\wp-includes\general-template.php(168): locate_template(Array, true, false)
#3 C:\laragon\www\DiamondBilliards\wp-content\themes\diamondbilliards\single.php(8): get_template_part('includes/sectio...', 'blogcontent')
#4 C:\laragon\www\DiamondBilliards\wp-includes\template-loader.php(106): include('C:\\laragon\\www\\...')
#5 C:\laragon\www\DiamondBilliards\wp-blog-header.php(19): require_once('C:\\laragon\\www\\...')
#6 C:\laragon\www\DiamondBilliards\index.php(17): require('C:\\laragon\\www\\...')
#7 {main}
  thrown in C:\laragon\www\DiamondBilliards\wp-content\themes\diamondbilliards\includes\section-blogcontent.php on line 8

2020-07-03T04:52:20+00:00 CRITICAL Uncaught Error: Call to undefined function comment_template() in C:\laragon\www\DiamondBilliards\wp-content\themes\diamondbilliards\includes\section-blogcontent.php:11
Stack trace:
#0 C:\laragon\www\DiamondBilliards\wp-includes\template.php(725): require()
#1 C:\laragon\www\DiamondBilliards\wp-includes\template.php(672): load_template('C:\\laragon\\www\\...', false)
#2 C:\laragon\www\DiamondBilliards\wp-includes\general-template.php(168): locate_template(Array, true, false)
#3 C:\laragon\www\DiamondBilliards\wp-content\themes\diamondbilliards\single.php(8): get_template_part('includes/sectio...', 'blogcontent')
#4 C:\laragon\www\DiamondBilliards\wp-includes\template-loader.php(106): include('C:\\laragon\\www\\...')
#5 C:\laragon\www\DiamondBilliards\wp-blog-header.php(19): require_once('C:\\laragon\\www\\...')
#6 C:\laragon\www\DiamondBilliards\index.php(17): require('C:\\laragon\\www\\...')
#7 {main}
  thrown in C:\laragon\www\DiamondBilliards\wp-content\themes\diamondbilliards\includes\section-blogcontent.php on line 11

2020-07-03T05:09:14+00:00 CRITICAL Uncaught Error: Call to undefined function has_post_thumnail() in C:\laragon\www\DiamondBilliards\wp-content\themes\diamondbilliards\single.php:6
Stack trace:
#0 C:\laragon\www\DiamondBilliards\wp-includes\template-loader.php(106): include()
#1 C:\laragon\www\DiamondBilliards\wp-blog-header.php(19): require_once('C:\\laragon\\www\\...')
#2 C:\laragon\www\DiamondBilliards\index.php(17): require('C:\\laragon\\www\\...')
#3 {main}
  thrown in C:\laragon\www\DiamondBilliards\wp-content\themes\diamondbilliards\single.php on line 6

2020-07-03T05:09:50+00:00 CRITICAL Uncaught Error: Call to undefined function has_post_thumnail() in C:\laragon\www\DiamondBilliards\wp-content\themes\diamondbilliards\single.php:6
Stack trace:
#0 C:\laragon\www\DiamondBilliards\wp-includes\template-loader.php(106): include()
#1 C:\laragon\www\DiamondBilliards\wp-blog-header.php(19): require_once('C:\\laragon\\www\\...')
#2 C:\laragon\www\DiamondBilliards\index.php(17): require('C:\\laragon\\www\\...')
#3 {main}
  thrown in C:\laragon\www\DiamondBilliards\wp-content\themes\diamondbilliards\single.php on line 6

2020-07-03T05:13:06+00:00 CRITICAL syntax error, unexpected 'endwhile' (T_ENDWHILE) in C:\laragon\www\DiamondBilliards\wp-content\themes\diamondbilliards\single.php on line 17

2020-07-03T05:22:43+00:00 CRITICAL syntax error, unexpected 'endwhile' (T_ENDWHILE) in C:\laragon\www\DiamondBilliards\wp-content\themes\diamondbilliards\single.php on line 19

2020-07-03T05:22:58+00:00 CRITICAL syntax error, unexpected 'endif' (T_ENDIF) in C:\laragon\www\DiamondBilliards\wp-content\themes\diamondbilliards\single.php on line 20

2020-07-03T05:23:08+00:00 CRITICAL syntax error, unexpected end of file in C:\laragon\www\DiamondBilliards\wp-content\themes\diamondbilliards\single.php on line 33

2020-07-03T05:32:14+00:00 CRITICAL syntax error, unexpected end of file in C:\laragon\www\DiamondBilliards\wp-content\themes\diamondbilliards\single.php on line 26

2020-07-03T05:36:17+00:00 CRITICAL syntax error, unexpected '<' in C:\laragon\www\DiamondBilliards\wp-content\themes\diamondbilliards\includes\section-archive.php on line 20

